0 info it worked if it ends with ok
1 verbose cli [ 'node', '/usr/local/bin/npm', 'install', '-g' ]
2 info using npm@1.3.14
3 info using node@v0.10.22
4 verbose cache add [ '.', null ]
5 verbose cache add name=undefined spec="." args=[".",null]
6 verbose parsed url { protocol: null,
6 verbose parsed url   slashes: null,
6 verbose parsed url   auth: null,
6 verbose parsed url   host: null,
6 verbose parsed url   port: null,
6 verbose parsed url   hostname: null,
6 verbose parsed url   hash: null,
6 verbose parsed url   search: null,
6 verbose parsed url   query: null,
6 verbose parsed url   pathname: '.',
6 verbose parsed url   path: '.',
6 verbose parsed url   href: '.' }
7 silly lockFile 3a52ce78- .
8 verbose lock . /Users/rupertstechmaniii/.npm/3a52ce78-.lock
9 verbose tar pack [ '/var/folders/vm/jp17n7l55wvdw205rxd_fxmh0000gr/T/npm-70062-bXZCSBKx/1385060348648-0.27506378944963217/tmp.tgz',
9 verbose tar pack   '.' ]
10 verbose tarball /var/folders/vm/jp17n7l55wvdw205rxd_fxmh0000gr/T/npm-70062-bXZCSBKx/1385060348648-0.27506378944963217/tmp.tgz
11 verbose folder .
12 info prepublish stuff@0.0.1
13 silly lockFile 1f1177db-tar tar://.
14 verbose lock tar://. /Users/rupertstechmaniii/.npm/1f1177db-tar.lock
15 silly lockFile 3626b3c2-8648-0-27506378944963217-tmp-tgz tar:///var/folders/vm/jp17n7l55wvdw205rxd_fxmh0000gr/T/npm-70062-bXZCSBKx/1385060348648-0.27506378944963217/tmp.tgz
16 verbose lock tar:///var/folders/vm/jp17n7l55wvdw205rxd_fxmh0000gr/T/npm-70062-bXZCSBKx/1385060348648-0.27506378944963217/tmp.tgz /Users/rupertstechmaniii/.npm/3626b3c2-8648-0-27506378944963217-tmp-tgz.lock
17 silly lockFile 1f1177db-tar tar://.
18 silly lockFile 1f1177db-tar tar://.
19 silly lockFile 3626b3c2-8648-0-27506378944963217-tmp-tgz tar:///var/folders/vm/jp17n7l55wvdw205rxd_fxmh0000gr/T/npm-70062-bXZCSBKx/1385060348648-0.27506378944963217/tmp.tgz
20 silly lockFile 3626b3c2-8648-0-27506378944963217-tmp-tgz tar:///var/folders/vm/jp17n7l55wvdw205rxd_fxmh0000gr/T/npm-70062-bXZCSBKx/1385060348648-0.27506378944963217/tmp.tgz
21 verbose tar unpack /var/folders/vm/jp17n7l55wvdw205rxd_fxmh0000gr/T/npm-70062-bXZCSBKx/1385060348648-0.27506378944963217/tmp.tgz
22 silly lockFile 01c490e6-8648-0-27506378944963217-package tar:///var/folders/vm/jp17n7l55wvdw205rxd_fxmh0000gr/T/npm-70062-bXZCSBKx/1385060348648-0.27506378944963217/package
23 verbose lock tar:///var/folders/vm/jp17n7l55wvdw205rxd_fxmh0000gr/T/npm-70062-bXZCSBKx/1385060348648-0.27506378944963217/package /Users/rupertstechmaniii/.npm/01c490e6-8648-0-27506378944963217-package.lock
24 silly lockFile 3626b3c2-8648-0-27506378944963217-tmp-tgz tar:///var/folders/vm/jp17n7l55wvdw205rxd_fxmh0000gr/T/npm-70062-bXZCSBKx/1385060348648-0.27506378944963217/tmp.tgz
25 verbose lock tar:///var/folders/vm/jp17n7l55wvdw205rxd_fxmh0000gr/T/npm-70062-bXZCSBKx/1385060348648-0.27506378944963217/tmp.tgz /Users/rupertstechmaniii/.npm/3626b3c2-8648-0-27506378944963217-tmp-tgz.lock
26 silly gunzTarPerm modes [ '755', '644' ]
27 silly gunzTarPerm extractEntry package.json
28 silly gunzTarPerm extractEntry .npmignore
29 silly gunzTarPerm extractEntry README.md
30 silly gunzTarPerm extractEntry articles/index.markdown
31 silly gunzTarPerm extractEntry authors/x10ba.markdown
32 silly gunzTarPerm extractEntry License
33 silly gunzTarPerm extractEntry description.markdown
34 silly gunzTarPerm extractEntry server/server.js
35 silly lockFile 01c490e6-8648-0-27506378944963217-package tar:///var/folders/vm/jp17n7l55wvdw205rxd_fxmh0000gr/T/npm-70062-bXZCSBKx/1385060348648-0.27506378944963217/package
36 silly lockFile 01c490e6-8648-0-27506378944963217-package tar:///var/folders/vm/jp17n7l55wvdw205rxd_fxmh0000gr/T/npm-70062-bXZCSBKx/1385060348648-0.27506378944963217/package
37 silly lockFile 3626b3c2-8648-0-27506378944963217-tmp-tgz tar:///var/folders/vm/jp17n7l55wvdw205rxd_fxmh0000gr/T/npm-70062-bXZCSBKx/1385060348648-0.27506378944963217/tmp.tgz
38 silly lockFile 3626b3c2-8648-0-27506378944963217-tmp-tgz tar:///var/folders/vm/jp17n7l55wvdw205rxd_fxmh0000gr/T/npm-70062-bXZCSBKx/1385060348648-0.27506378944963217/tmp.tgz
39 verbose tar pack [ '/Users/rupertstechmaniii/.npm/stuff/0.0.1/package.tgz',
39 verbose tar pack   '/var/folders/vm/jp17n7l55wvdw205rxd_fxmh0000gr/T/npm-70062-bXZCSBKx/1385060348648-0.27506378944963217/package' ]
40 verbose tarball /Users/rupertstechmaniii/.npm/stuff/0.0.1/package.tgz
41 verbose folder /var/folders/vm/jp17n7l55wvdw205rxd_fxmh0000gr/T/npm-70062-bXZCSBKx/1385060348648-0.27506378944963217/package
42 silly lockFile 01c490e6-8648-0-27506378944963217-package tar:///var/folders/vm/jp17n7l55wvdw205rxd_fxmh0000gr/T/npm-70062-bXZCSBKx/1385060348648-0.27506378944963217/package
43 verbose lock tar:///var/folders/vm/jp17n7l55wvdw205rxd_fxmh0000gr/T/npm-70062-bXZCSBKx/1385060348648-0.27506378944963217/package /Users/rupertstechmaniii/.npm/01c490e6-8648-0-27506378944963217-package.lock
44 silly lockFile e66ed60c-niii-npm-stuff-0-0-1-package-tgz tar:///Users/rupertstechmaniii/.npm/stuff/0.0.1/package.tgz
45 verbose lock tar:///Users/rupertstechmaniii/.npm/stuff/0.0.1/package.tgz /Users/rupertstechmaniii/.npm/e66ed60c-niii-npm-stuff-0-0-1-package-tgz.lock
46 silly lockFile 01c490e6-8648-0-27506378944963217-package tar:///var/folders/vm/jp17n7l55wvdw205rxd_fxmh0000gr/T/npm-70062-bXZCSBKx/1385060348648-0.27506378944963217/package
47 silly lockFile 01c490e6-8648-0-27506378944963217-package tar:///var/folders/vm/jp17n7l55wvdw205rxd_fxmh0000gr/T/npm-70062-bXZCSBKx/1385060348648-0.27506378944963217/package
48 silly lockFile e66ed60c-niii-npm-stuff-0-0-1-package-tgz tar:///Users/rupertstechmaniii/.npm/stuff/0.0.1/package.tgz
49 silly lockFile e66ed60c-niii-npm-stuff-0-0-1-package-tgz tar:///Users/rupertstechmaniii/.npm/stuff/0.0.1/package.tgz
50 silly lockFile 5ecbdabd-chmaniii-npm-stuff-0-0-1-package /Users/rupertstechmaniii/.npm/stuff/0.0.1/package
51 verbose lock /Users/rupertstechmaniii/.npm/stuff/0.0.1/package /Users/rupertstechmaniii/.npm/5ecbdabd-chmaniii-npm-stuff-0-0-1-package.lock
52 silly lockFile 5ecbdabd-chmaniii-npm-stuff-0-0-1-package /Users/rupertstechmaniii/.npm/stuff/0.0.1/package
53 silly lockFile 5ecbdabd-chmaniii-npm-stuff-0-0-1-package /Users/rupertstechmaniii/.npm/stuff/0.0.1/package
54 verbose tar unpack /Users/rupertstechmaniii/.npm/stuff/0.0.1/package.tgz
55 silly lockFile 107ba27c-chmaniii-npm-stuff-0-0-1-package tar:///Users/rupertstechmaniii/.npm/stuff/0.0.1/package
56 verbose lock tar:///Users/rupertstechmaniii/.npm/stuff/0.0.1/package /Users/rupertstechmaniii/.npm/107ba27c-chmaniii-npm-stuff-0-0-1-package.lock
57 silly lockFile e66ed60c-niii-npm-stuff-0-0-1-package-tgz tar:///Users/rupertstechmaniii/.npm/stuff/0.0.1/package.tgz
58 verbose lock tar:///Users/rupertstechmaniii/.npm/stuff/0.0.1/package.tgz /Users/rupertstechmaniii/.npm/e66ed60c-niii-npm-stuff-0-0-1-package-tgz.lock
59 silly gunzTarPerm modes [ '755', '644' ]
60 silly gunzTarPerm extractEntry package.json
61 silly gunzTarPerm extractEntry .npmignore
62 silly gunzTarPerm extractEntry README.md
63 silly gunzTarPerm extractEntry License
64 silly gunzTarPerm extractEntry articles/index.markdown
65 silly gunzTarPerm extractEntry authors/x10ba.markdown
66 silly gunzTarPerm extractEntry description.markdown
67 silly gunzTarPerm extractEntry server/server.js
68 silly lockFile 107ba27c-chmaniii-npm-stuff-0-0-1-package tar:///Users/rupertstechmaniii/.npm/stuff/0.0.1/package
69 silly lockFile 107ba27c-chmaniii-npm-stuff-0-0-1-package tar:///Users/rupertstechmaniii/.npm/stuff/0.0.1/package
70 silly lockFile e66ed60c-niii-npm-stuff-0-0-1-package-tgz tar:///Users/rupertstechmaniii/.npm/stuff/0.0.1/package.tgz
71 silly lockFile e66ed60c-niii-npm-stuff-0-0-1-package-tgz tar:///Users/rupertstechmaniii/.npm/stuff/0.0.1/package.tgz
72 verbose chmod /Users/rupertstechmaniii/.npm/stuff/0.0.1/package.tgz 644
73 verbose chown /Users/rupertstechmaniii/.npm/stuff/0.0.1/package.tgz [ 504, 504 ]
74 silly lockFile 3a52ce78- .
75 silly lockFile 3a52ce78- .
76 silly resolved [ { name: 'stuff',
76 silly resolved     version: '0.0.1',
76 silly resolved     description: 'I like stuff',
76 silly resolved     main: 'index.js',
76 silly resolved     dependencies:
76 silly resolved      { stack: '>=0.0.3',
76 silly resolved        creationix: '>=0.1.2',
76 silly resolved        wheat: '>=0.2.0',
76 silly resolved        cluster: '>=0.6.4',
76 silly resolved        forever: '>=0.10.0',
76 silly resolved        connect: '>=2.4.3' },
76 silly resolved     devDependencies: {},
76 silly resolved     scripts: { start: 'node server/server.js' },
76 silly resolved     repository: { type: 'git', url: 'git@github.com:x10ba/aFetish4Systems.git' },
76 silly resolved     engines: { node: '>=0.4.0' },
76 silly resolved     keywords: [ 'git', 'wheat', 'blog', 'node', 'gith' ],
76 silly resolved     author: { name: 'x10ba' },
76 silly resolved     license: 'BSD',
76 silly resolved     readmeFilename: 'README.md',
76 silly resolved     gitHead: '',
76 silly resolved     readme: 'aFetish4Systems/stuff\n===============\nNovember 19th, 2013 (MVCA)\nPlaceholder Introduction BLOG for xioba.com/stuff\nusing wheat and github to publish\n\n\nthe GGBE opening statement:\nList of shit I need to do:\n# Set up Blog using wheat\n# connect Blog to MonghoHQ [the data are already uploaded, so need to figure out all of that RESTapi non-sense]\n# capture data\n# analyze data\n# build application using all that html, css non-sense\n# else\n',
76 silly resolved     bugs: { url: 'https://github.com/x10ba/aFetish4Systems/issues' },
76 silly resolved     homepage: 'https://github.com/x10ba/aFetish4Systems',
76 silly resolved     _id: 'stuff@0.0.1',
76 silly resolved     dist: { shasum: '329ab3908d5d776fa37a3293a4f51f3816f5a051' },
76 silly resolved     _from: '.' } ]
77 info install stuff@0.0.1 into /usr/local/lib
78 info installOne stuff@0.0.1
79 info /usr/local/lib/node_modules/stuff unbuild
80 verbose tar unpack /Users/rupertstechmaniii/.npm/stuff/0.0.1/package.tgz
81 silly lockFile 336160d6-usr-local-lib-node-modules-stuff tar:///usr/local/lib/node_modules/stuff
82 verbose lock tar:///usr/local/lib/node_modules/stuff /Users/rupertstechmaniii/.npm/336160d6-usr-local-lib-node-modules-stuff.lock
83 silly lockFile e66ed60c-niii-npm-stuff-0-0-1-package-tgz tar:///Users/rupertstechmaniii/.npm/stuff/0.0.1/package.tgz
84 verbose lock tar:///Users/rupertstechmaniii/.npm/stuff/0.0.1/package.tgz /Users/rupertstechmaniii/.npm/e66ed60c-niii-npm-stuff-0-0-1-package-tgz.lock
85 silly gunzTarPerm modes [ '755', '644' ]
86 error Error: EACCES, mkdir '/usr/local/lib/node_modules/stuff'
86 error  { [Error: EACCES, mkdir '/usr/local/lib/node_modules/stuff']
86 error   errno: 3,
86 error   code: 'EACCES',
86 error   path: '/usr/local/lib/node_modules/stuff',
86 error   fstream_type: 'Directory',
86 error   fstream_path: '/usr/local/lib/node_modules/stuff',
86 error   fstream_class: 'DirWriter',
86 error   fstream_stack:
86 error    [ '/usr/local/lib/node_modules/npm/node_modules/fstream/lib/dir-writer.js:36:23',
86 error      '/usr/local/lib/node_modules/npm/node_modules/mkdirp/index.js:37:53',
86 error      'Object.oncomplete (fs.js:107:15)' ] }
87 error Please try running this command again as root/Administrator.
88 error System Darwin 12.5.0
89 error command "node" "/usr/local/bin/npm" "install" "-g"
90 error cwd /Users/rupertstechmaniii/aFetish4Systems/stuff
91 error node -v v0.10.22
92 error npm -v 1.3.14
93 error path /usr/local/lib/node_modules/stuff
94 error fstream_path /usr/local/lib/node_modules/stuff
95 error fstream_type Directory
96 error fstream_class DirWriter
97 error code EACCES
98 error errno 3
99 error stack Error: EACCES, mkdir '/usr/local/lib/node_modules/stuff'
100 error fstream_stack /usr/local/lib/node_modules/npm/node_modules/fstream/lib/dir-writer.js:36:23
100 error fstream_stack /usr/local/lib/node_modules/npm/node_modules/mkdirp/index.js:37:53
100 error fstream_stack Object.oncomplete (fs.js:107:15)
101 verbose exit [ 3, true ]
